2019-04-20 11:17:28.533 febs [main] INFO  com.example.admin.FrameApplication - Starting FrameApplication on LAPTOP-TMOML677 with PID 7132 (C:\Users\zhong\IdeaProjects\frame\admin\target\classes started by zhong in C:\Users\zhong\IdeaProjects\frame)
2019-04-20 11:17:28.539 febs [main] INFO  com.example.admin.FrameApplication - No active profile set, falling back to default profiles: default
2019-04-20 11:17:28.672 febs [main] INFO  o.s.b.w.s.c.AnnotationConfigServletWebServerApplicationContext - Refreshing org.springframework.boot.web.servlet.context.AnnotationConfigServletWebServerApplicationContext@623a8092: startup date [Sat Apr 20 11:17:28 CST 2019]; root of context hierarchy
2019-04-20 11:17:29.580 febs [main] INFO  o.s.d.r.c.RepositoryConfigurationDelegate - Multiple Spring Data modules found, entering strict repository configuration mode!
2019-04-20 11:17:29.846 febs [main] INFO  o.s.c.s.PostProcessorRegistrationDelegate$BeanPostProcessorChecker - Bean 'shiroConfig' of type [com.example.admin.config.shiro.ShiroConfig$$EnhancerBySpringCGLIB$$2d83943a] is not eligible for getting processed by all BeanPostProcessors (for example: not eligible for auto-proxying)
2019-04-20 11:17:29.880 febs [main] INFO  c.e.admin.config.shiro.ShiroConfig - ----------------shiro filter begin----------------
2019-04-20 11:17:30.360 febs [main] INFO  o.s.c.s.PostProcessorRegistrationDelegate$BeanPostProcessorChecker - Bean 'org.springframework.boot.context.properties.ConversionServiceDeducer$Factory' of type [org.springframework.boot.context.properties.ConversionServiceDeducer$Factory] is not eligible for getting processed by all BeanPostProcessors (for example: not eligible for auto-proxying)
2019-04-20 11:17:30.370 febs [main] INFO  o.s.c.s.PostProcessorRegistrationDelegate$BeanPostProcessorChecker - Bean 'mybatis-org.mybatis.spring.boot.autoconfigure.MybatisProperties' of type [org.mybatis.spring.boot.autoconfigure.MybatisProperties] is not eligible for getting processed by all BeanPostProcessors (for example: not eligible for auto-proxying)
2019-04-20 11:17:30.377 febs [main] INFO  o.s.c.s.PostProcessorRegistrationDelegate$BeanPostProcessorChecker - Bean 'org.mybatis.spring.boot.autoconfigure.MybatisAutoConfiguration' of type [org.mybatis.spring.boot.autoconfigure.MybatisAutoConfiguration$$EnhancerBySpringCGLIB$$d3c598ab] is not eligible for getting processed by all BeanPostProcessors (for example: not eligible for auto-proxying)
2019-04-20 11:17:30.384 febs [main] INFO  o.s.c.s.PostProcessorRegistrationDelegate$BeanPostProcessorChecker - Bean 'com.alibaba.druid.spring.boot.autoconfigure.DruidDataSourceAutoConfigure' of type [com.alibaba.druid.spring.boot.autoconfigure.DruidDataSourceAutoConfigure$$EnhancerBySpringCGLIB$$ba9d3ced] is not eligible for getting processed by all BeanPostProcessors (for example: not eligible for auto-proxying)
2019-04-20 11:17:30.384 febs [main] INFO  c.a.d.s.b.a.DruidDataSourceAutoConfigure - Init DruidDataSource
2019-04-20 11:17:30.438 febs [main] INFO  o.s.c.s.PostProcessorRegistrationDelegate$BeanPostProcessorChecker - Bean 'spring.datasource-org.springframework.boot.autoconfigure.jdbc.DataSourceProperties' of type [org.springframework.boot.autoconfigure.jdbc.DataSourceProperties] is not eligible for getting processed by all BeanPostProcessors (for example: not eligible for auto-proxying)
2019-04-20 11:17:30.443 febs [main] INFO  o.s.c.s.PostProcessorRegistrationDelegate$BeanPostProcessorChecker - Bean 'com.alibaba.druid.spring.boot.autoconfigure.stat.DruidFilterConfiguration' of type [com.alibaba.druid.spring.boot.autoconfigure.stat.DruidFilterConfiguration] is not eligible for getting processed by all BeanPostProcessors (for example: not eligible for auto-proxying)
2019-04-20 11:17:30.475 febs [main] INFO  o.s.c.s.PostProcessorRegistrationDelegate$BeanPostProcessorChecker - Bean 'statFilter' of type [com.alibaba.druid.filter.stat.StatFilter] is not eligible for getting processed by all BeanPostProcessors (for example: not eligible for auto-proxying)
2019-04-20 11:17:30.686 febs [main] INFO  c.alibaba.druid.pool.DruidDataSource - {dataSource-1} inited
2019-04-20 11:17:30.686 febs [main] INFO  o.s.c.s.PostProcessorRegistrationDelegate$BeanPostProcessorChecker - Bean 'dataSource' of type [com.alibaba.druid.spring.boot.autoconfigure.DruidDataSourceWrapper] is not eligible for getting processed by all BeanPostProcessors (for example: not eligible for auto-proxying)
2019-04-20 11:17:30.931 febs [main] INFO  o.s.c.s.PostProcessorRegistrationDelegate$BeanPostProcessorChecker - Bean 'sqlSessionFactory' of type [org.apache.ibatis.session.defaults.DefaultSqlSessionFactory] is not eligible for getting processed by all BeanPostProcessors (for example: not eligible for auto-proxying)
2019-04-20 11:17:30.939 febs [main] INFO  o.s.c.s.PostProcessorRegistrationDelegate$BeanPostProcessorChecker - Bean 'sqlSessionTemplate' of type [org.mybatis.spring.SqlSessionTemplate] is not eligible for getting processed by all BeanPostProcessors (for example: not eligible for auto-proxying)
2019-04-20 11:17:30.939 febs [main] INFO  o.s.c.s.PostProcessorRegistrationDelegate$BeanPostProcessorChecker - Bean 'userMapper' of type [org.mybatis.spring.mapper.MapperFactoryBean] is not eligible for getting processed by all BeanPostProcessors (for example: not eligible for auto-proxying)
2019-04-20 11:17:30.940 febs [main] INFO  o.s.c.s.PostProcessorRegistrationDelegate$BeanPostProcessorChecker - Bean 'userMapper' of type [com.sun.proxy.$Proxy62] is not eligible for getting processed by all BeanPostProcessors (for example: not eligible for auto-proxying)
2019-04-20 11:17:30.942 febs [main] INFO  o.s.c.s.PostProcessorRegistrationDelegate$BeanPostProcessorChecker - Bean 'roleMapper' of type [org.mybatis.spring.mapper.MapperFactoryBean] is not eligible for getting processed by all BeanPostProcessors (for example: not eligible for auto-proxying)
2019-04-20 11:17:30.942 febs [main] INFO  o.s.c.s.PostProcessorRegistrationDelegate$BeanPostProcessorChecker - Bean 'roleMapper' of type [com.sun.proxy.$Proxy63] is not eligible for getting processed by all BeanPostProcessors (for example: not eligible for auto-proxying)
2019-04-20 11:17:30.944 febs [main] INFO  o.s.c.s.PostProcessorRegistrationDelegate$BeanPostProcessorChecker - Bean 'userRoleMapper' of type [org.mybatis.spring.mapper.MapperFactoryBean] is not eligible for getting processed by all BeanPostProcessors (for example: not eligible for auto-proxying)
2019-04-20 11:17:30.945 febs [main] INFO  o.s.c.s.PostProcessorRegistrationDelegate$BeanPostProcessorChecker - Bean 'userRoleMapper' of type [com.sun.proxy.$Proxy64] is not eligible for getting processed by all BeanPostProcessors (for example: not eligible for auto-proxying)
2019-04-20 11:17:30.945 febs [main] INFO  o.s.c.s.PostProcessorRegistrationDelegate$BeanPostProcessorChecker - Bean 'userServiceImpl' of type [service.impl.UserServiceImpl] is not eligible for getting processed by all BeanPostProcessors (for example: not eligible for auto-proxying)
2019-04-20 11:17:30.949 febs [main] INFO  o.s.c.s.PostProcessorRegistrationDelegate$BeanPostProcessorChecker - Bean 'roleServiceImpl' of type [service.impl.RoleServiceImpl] is not eligible for getting processed by all BeanPostProcessors (for example: not eligible for auto-proxying)
2019-04-20 11:17:30.954 febs [main] INFO  o.s.c.s.PostProcessorRegistrationDelegate$BeanPostProcessorChecker - Bean 'authMapper' of type [org.mybatis.spring.mapper.MapperFactoryBean] is not eligible for getting processed by all BeanPostProcessors (for example: not eligible for auto-proxying)
2019-04-20 11:17:30.955 febs [main] INFO  o.s.c.s.PostProcessorRegistrationDelegate$BeanPostProcessorChecker - Bean 'authMapper' of type [com.sun.proxy.$Proxy67] is not eligible for getting processed by all BeanPostProcessors (for example: not eligible for auto-proxying)
2019-04-20 11:17:30.955 febs [main] INFO  o.s.c.s.PostProcessorRegistrationDelegate$BeanPostProcessorChecker - Bean 'authServiceImpl' of type [service.impl.AuthServiceImpl] is not eligible for getting processed by all BeanPostProcessors (for example: not eligible for auto-proxying)
2019-04-20 11:17:30.960 febs [main] INFO  o.s.c.s.PostProcessorRegistrationDelegate$BeanPostProcessorChecker - Bean 'org.springframework.boot.autoconfigure.data.redis.RedisAutoConfiguration' of type [org.springframework.boot.autoconfigure.data.redis.RedisAutoConfiguration$$EnhancerBySpringCGLIB$$968872b7] is not eligible for getting processed by all BeanPostProcessors (for example: not eligible for auto-proxying)
2019-04-20 11:17:30.969 febs [main] INFO  o.s.c.s.PostProcessorRegistrationDelegate$BeanPostProcessorChecker - Bean 'spring.redis-org.springframework.boot.autoconfigure.data.redis.RedisProperties' of type [org.springframework.boot.autoconfigure.data.redis.RedisProperties] is not eligible for getting processed by all BeanPostProcessors (for example: not eligible for auto-proxying)
2019-04-20 11:17:30.975 febs [main] INFO  o.s.c.s.PostProcessorRegistrationDelegate$BeanPostProcessorChecker - Bean 'org.springframework.boot.autoconfigure.data.redis.LettuceConnectionConfiguration' of type [org.springframework.boot.autoconfigure.data.redis.LettuceConnectionConfiguration$$EnhancerBySpringCGLIB$$b60b05c5] is not eligible for getting processed by all BeanPostProcessors (for example: not eligible for auto-proxying)
2019-04-20 11:17:31.041 febs [main] INFO  o.s.c.s.PostProcessorRegistrationDelegate$BeanPostProcessorChecker - Bean 'lettuceClientResources' of type [io.lettuce.core.resource.DefaultClientResources] is not eligible for getting processed by all BeanPostProcessors (for example: not eligible for auto-proxying)
2019-04-20 11:17:31.089 febs [main] INFO  o.s.c.s.PostProcessorRegistrationDelegate$BeanPostProcessorChecker - Bean 'redisConnectionFactory' of type [org.springframework.data.redis.connection.lettuce.LettuceConnectionFactory] is not eligible for getting processed by all BeanPostProcessors (for example: not eligible for auto-proxying)
2019-04-20 11:17:31.108 febs [main] INFO  o.s.c.s.PostProcessorRegistrationDelegate$BeanPostProcessorChecker - Bean 'stringRedisTemplate' of type [org.springframework.data.redis.core.StringRedisTemplate] is not eligible for getting processed by all BeanPostProcessors (for example: not eligible for auto-proxying)
2019-04-20 11:17:31.112 febs [main] INFO  o.s.c.s.PostProcessorRegistrationDelegate$BeanPostProcessorChecker - Bean 'org.springframework.boot.autoconfigure.jackson.JacksonAutoConfiguration$JacksonObjectMapperConfiguration' of type [org.springframework.boot.autoconfigure.jackson.JacksonAutoConfiguration$JacksonObjectMapperConfiguration$$EnhancerBySpringCGLIB$$fc84c70c] is not eligible for getting processed by all BeanPostProcessors (for example: not eligible for auto-proxying)
2019-04-20 11:17:31.117 febs [main] INFO  o.s.c.s.PostProcessorRegistrationDelegate$BeanPostProcessorChecker - Bean 'org.springframework.boot.autoconfigure.jackson.JacksonAutoConfiguration$JacksonObjectMapperBuilderConfiguration' of type [org.springframework.boot.autoconfigure.jackson.JacksonAutoConfiguration$JacksonObjectMapperBuilderConfiguration$$EnhancerBySpringCGLIB$$aed18925] is not eligible for getting processed by all BeanPostProcessors (for example: not eligible for auto-proxying)
2019-04-20 11:17:31.120 febs [main] INFO  o.s.c.s.PostProcessorRegistrationDelegate$BeanPostProcessorChecker - Bean 'org.springframework.boot.autoconfigure.jackson.JacksonAutoConfiguration$Jackson2ObjectMapperBuilderCustomizerConfiguration' of type [org.springframework.boot.autoconfigure.jackson.JacksonAutoConfiguration$Jackson2ObjectMapperBuilderCustomizerConfiguration$$EnhancerBySpringCGLIB$$69e86f14] is not eligible for getting processed by all BeanPostProcessors (for example: not eligible for auto-proxying)
2019-04-20 11:17:31.123 febs [main] INFO  o.s.c.s.PostProcessorRegistrationDelegate$BeanPostProcessorChecker - Bean 'spring.jackson-org.springframework.boot.autoconfigure.jackson.JacksonProperties' of type [org.springframework.boot.autoconfigure.jackson.JacksonProperties] is not eligible for getting processed by all BeanPostProcessors (for example: not eligible for auto-proxying)
2019-04-20 11:17:31.128 febs [main] INFO  o.s.c.s.PostProcessorRegistrationDelegate$BeanPostProcessorChecker - Bean 'standardJacksonObjectMapperBuilderCustomizer' of type [org.springframework.boot.autoconfigure.jackson.JacksonAutoConfiguration$Jackson2ObjectMapperBuilderCustomizerConfiguration$StandardJackson2ObjectMapperBuilderCustomizer] is not eligible for getting processed by all BeanPostProcessors (for example: not eligible for auto-proxying)
2019-04-20 11:17:31.136 febs [main] INFO  o.s.c.s.PostProcessorRegistrationDelegate$BeanPostProcessorChecker - Bean 'org.springframework.boot.autoconfigure.jackson.JacksonAutoConfiguration$ParameterNamesModuleConfiguration' of type [org.springframework.boot.autoconfigure.jackson.JacksonAutoConfiguration$ParameterNamesModuleConfiguration$$EnhancerBySpringCGLIB$$90b3e642] is not eligible for getting processed by all BeanPostProcessors (for example: not eligible for auto-proxying)
2019-04-20 11:17:31.149 febs [main] INFO  o.s.c.s.PostProcessorRegistrationDelegate$BeanPostProcessorChecker - Bean 'parameterNamesModule' of type [com.fasterxml.jackson.module.paramnames.ParameterNamesModule] is not eligible for getting processed by all BeanPostProcessors (for example: not eligible for auto-proxying)
2019-04-20 11:17:31.154 febs [main] INFO  o.s.c.s.PostProcessorRegistrationDelegate$BeanPostProcessorChecker - Bean 'org.springframework.boot.autoconfigure.jackson.JacksonAutoConfiguration' of type [org.springframework.boot.autoconfigure.jackson.JacksonAutoConfiguration$$EnhancerBySpringCGLIB$$de90649b] is not eligible for getting processed by all BeanPostProcessors (for example: not eligible for auto-proxying)
2019-04-20 11:17:31.170 febs [main] INFO  o.s.c.s.PostProcessorRegistrationDelegate$BeanPostProcessorChecker - Bean 'jsonComponentModule' of type [org.springframework.boot.jackson.JsonComponentModule] is not eligible for getting processed by all BeanPostProcessors (for example: not eligible for auto-proxying)
2019-04-20 11:17:31.173 febs [main] INFO  o.s.c.s.PostProcessorRegistrationDelegate$BeanPostProcessorChecker - Bean 'org.springframework.data.web.config.SpringDataJacksonConfiguration' of type [org.springframework.data.web.config.SpringDataJacksonConfiguration] is not eligible for getting processed by all BeanPostProcessors (for example: not eligible for auto-proxying)
2019-04-20 11:17:31.179 febs [main] INFO  o.s.c.s.PostProcessorRegistrationDelegate$BeanPostProcessorChecker - Bean 'jacksonGeoModule' of type [org.springframework.data.geo.GeoModule] is not eligible for getting processed by all BeanPostProcessors (for example: not eligible for auto-proxying)
2019-04-20 11:17:31.183 febs [main] INFO  o.s.c.s.PostProcessorRegistrationDelegate$BeanPostProcessorChecker - Bean 'jacksonObjectMapperBuilder' of type [org.springframework.http.converter.json.Jackson2ObjectMapperBuilder] is not eligible for getting processed by all BeanPostProcessors (for example: not eligible for auto-proxying)
2019-04-20 11:17:31.213 febs [main] INFO  o.s.c.s.PostProcessorRegistrationDelegate$BeanPostProcessorChecker - Bean 'jacksonObjectMapper' of type [com.fasterxml.jackson.databind.ObjectMapper] is not eligible for getting processed by all BeanPostProcessors (for example: not eligible for auto-proxying)
2019-04-20 11:17:31.213 febs [main] INFO  o.s.c.s.PostProcessorRegistrationDelegate$BeanPostProcessorChecker - Bean 'shiroRealm' of type [com.example.admin.config.shiro.ShiroRealm] is not eligible for getting processed by all BeanPostProcessors (for example: not eligible for auto-proxying)
2019-04-20 11:17:31.218 febs [main] INFO  o.s.c.s.PostProcessorRegistrationDelegate$BeanPostProcessorChecker - Bean 'cacheManager' of type [org.crazycake.shiro.RedisCacheManager] is not eligible for getting processed by all BeanPostProcessors (for example: not eligible for auto-proxying)
2019-04-20 11:17:31.232 febs [main] INFO  o.s.c.s.PostProcessorRegistrationDelegate$BeanPostProcessorChecker - Bean 'securityManager' of type [org.apache.shiro.web.mgt.DefaultWebSecurityManager] is not eligible for getting processed by all BeanPostProcessors (for example: not eligible for auto-proxying)
2019-04-20 11:17:31.233 febs [main] INFO  c.e.admin.config.shiro.ShiroConfig - ----------------shiro filter end----------------
2019-04-20 11:17:31.288 febs [main] INFO  o.s.c.s.PostProcessorRegistrationDelegate$BeanPostProcessorChecker - Bean 'org.springframework.transaction.annotation.ProxyTransactionManagementConfiguration' of type [org.springframework.transaction.annotation.ProxyTransactionManagementConfiguration$$EnhancerBySpringCGLIB$$a0f1477b] is not eligible for getting processed by all BeanPostProcessors (for example: not eligible for auto-proxying)
2019-04-20 11:17:31.301 febs [main] INFO  o.s.c.s.PostProcessorRegistrationDelegate$BeanPostProcessorChecker - Bean 'authorizationAttributeSourceAdvisor' of type [org.apache.shiro.spring.security.interceptor.AuthorizationAttributeSourceAdvisor] is not eligible for getting processed by all BeanPostProcessors (for example: not eligible for auto-proxying)
2019-04-20 11:17:31.702 febs [main] INFO  o.s.b.w.e.tomcat.TomcatWebServer - Tomcat initialized with port(s): 8080 (http)
2019-04-20 11:17:31.712 febs [main] INFO  o.a.coyote.http11.Http11NioProtocol - Initializing ProtocolHandler ["http-nio-8080"]
2019-04-20 11:17:31.723 febs [main] INFO  o.a.catalina.core.StandardService - Starting service [Tomcat]
2019-04-20 11:17:31.723 febs [main] INFO  o.a.catalina.core.StandardEngine - Starting Servlet Engine: Apache Tomcat/8.5.34
2019-04-20 11:17:31.725 febs [localhost-startStop-1] INFO  o.a.c.core.AprLifecycleListener - The APR based Apache Tomcat Native library which allows optimal performance in production environments was not found on the java.library.path: [D:\jdk8\bin;C:\WINDOWS\Sun\Java\bin;C:\WINDOWS\system32;C:\WINDOWS;C:\Program Files (x86)\Common Files\Oracle\Java\javapath;C:\Program Files (x86)\Intel\Intel(R) Management Engine Components\iCLS\;C:\Program Files\Intel\Intel(R) Management Engine Components\iCLS\;C:\Windows\system32;C:\Windows;C:\Windows\System32\Wbem;C:\Windows\System32\WindowsPowerShell\v1.0\;C:\Windows\System32\OpenSSH\;C:\Program Files (x86)\Intel\Intel(R) Management Engine Components\DAL;C:\Program Files\Intel\Intel(R) Management Engine Components\DAL;C:\Program Files (x86)\Intel\Intel(R) Management Engine Components\IPT;C:\Program Files\Intel\Intel(R) Management Engine Components\IPT;C:\Program Files (x86)\NVIDIA Corporation\PhysX\Common;D:\jdk8\bin;D:\MySQL\MySQL\bin;D:\Git\Git\cmd;D:\apache-maven-3.5.2\bin;C:\Program Files\MongoDB\Server\3.2\bin;C:\Program Files\erl7.1\bin;C:\Program Files\RabbitMQ Server\rabbitmq_server-3.6.5\sbin;C:\Program Files\TortoiseGit\bin;D:\nodeJS\;C:\Program Files\VisualSVN Server\bin;C:\Program Files\TortoiseSVN\bin;C:\WINDOWS\system32;C:\WINDOWS;C:\WINDOWS\System32\Wbem;C:\WINDOWS\System32\WindowsPowerShell\v1.0\;C:\WINDOWS\System32\OpenSSH\;C:\Users\zhong\AppData\Local\Microsoft\WindowsApps;D:\Bandizip\;C:\Users\zhong\AppData\Roaming\npm;;.]
2019-04-20 11:17:31.817 febs [localhost-startStop-1] INFO  o.a.c.c.C.[Tomcat].[localhost].[/] - Initializing Spring embedded WebApplicationContext
2019-04-20 11:17:31.818 febs [localhost-startStop-1] INFO  o.s.web.context.ContextLoader - Root WebApplicationContext: initialization completed in 3146 ms
2019-04-20 11:17:31.942 febs [localhost-startStop-1] INFO  o.s.b.w.s.ServletRegistrationBean - Servlet dispatcherServlet mapped to [/]
2019-04-20 11:17:31.943 febs [localhost-startStop-1] INFO  o.s.b.w.s.ServletRegistrationBean - Servlet statViewServlet mapped to [/druid/*]
2019-04-20 11:17:31.947 febs [localhost-startStop-1] INFO  o.s.b.w.s.FilterRegistrationBean - Mapping filter: 'characterEncodingFilter' to: [/*]
2019-04-20 11:17:31.947 febs [localhost-startStop-1] INFO  o.s.b.w.s.FilterRegistrationBean - Mapping filter: 'hiddenHttpMethodFilter' to: [/*]
2019-04-20 11:17:31.947 febs [localhost-startStop-1] INFO  o.s.b.w.s.FilterRegistrationBean - Mapping filter: 'httpPutFormContentFilter' to: [/*]
2019-04-20 11:17:31.947 febs [localhost-startStop-1] INFO  o.s.b.w.s.FilterRegistrationBean - Mapping filter: 'requestContextFilter' to: [/*]
2019-04-20 11:17:31.947 febs [localhost-startStop-1] INFO  o.s.b.w.s.FilterRegistrationBean - Mapping filter: 'webStatFilter' to urls: [/*]
2019-04-20 11:17:31.948 febs [localhost-startStop-1] INFO  o.s.b.w.s.FilterRegistrationBean - Mapping filter: 'exceptionHandlerFilter' to urls: [/*]
2019-04-20 11:17:31.948 febs [localhost-startStop-1] INFO  o.s.b.w.s.FilterRegistrationBean - Mapping filter: 'shirFilter' to: [/*]
2019-04-20 11:17:32.126 febs [main] INFO  o.s.w.s.h.SimpleUrlHandlerMapping - Mapped URL path [/**/favicon.ico] onto handler of type [class org.springframework.web.servlet.resource.ResourceHttpRequestHandler]
2019-04-20 11:17:32.295 febs [main] INFO  o.s.w.s.m.m.a.RequestMappingHandlerAdapter - Looking for @ControllerAdvice: org.springframework.boot.web.servlet.context.AnnotationConfigServletWebServerApplicationContext@623a8092: startup date [Sat Apr 20 11:17:28 CST 2019]; root of context hierarchy
2019-04-20 11:17:32.341 febs [main] INFO  o.s.w.s.m.m.a.RequestMappingHandlerMapping - Mapped "{[/frame/auth/list],methods=[GET]}" onto public entity.ListResult com.example.admin.controller.AuthController.getRoles()
2019-04-20 11:17:32.343 febs [main] INFO  o.s.w.s.m.m.a.RequestMappingHandlerMapping - Mapped "{[/frame/log/login/page],methods=[GET]}" onto public entity.PageResult com.example.admin.controller.LogController.findLoginLogList(java.lang.String,java.lang.Integer,java.lang.Integer)
2019-04-20 11:17:32.343 febs [main] INFO  o.s.w.s.m.m.a.RequestMappingHandlerMapping - Mapped "{[/frame/log/logout/page],methods=[GET]}" onto public entity.PageResult com.example.admin.controller.LogController.findLogoutLogList(java.lang.String,java.lang.Integer,java.lang.Integer)
2019-04-20 11:17:32.344 febs [main] INFO  o.s.w.s.m.m.a.RequestMappingHandlerMapping - Mapped "{[/frame/role/page],methods=[GET]}" onto public entity.PageResult com.example.admin.controller.RoleController.findRoleList(java.lang.String,java.lang.Integer,java.lang.Integer)
2019-04-20 11:17:32.344 febs [main] INFO  o.s.w.s.m.m.a.RequestMappingHandlerMapping - Mapped "{[/frame/role/list],methods=[GET]}" onto public entity.ListResult com.example.admin.controller.RoleController.getRoles()
2019-04-20 11:17:32.346 febs [main] INFO  o.s.w.s.m.m.a.RequestMappingHandlerMapping - Mapped "{[/frame/user/update],methods=[POST]}" onto public entity.ResponseResult com.example.admin.controller.UserController.update(entity.FrameUser,javax.servlet.http.HttpServletRequest)
2019-04-20 11:17:32.346 febs [main] INFO  o.s.w.s.m.m.a.RequestMappingHandlerMapping - Mapped "{[/frame/user/stopAndUse],methods=[POST]}" onto public entity.ResponseResult com.example.admin.controller.UserController.stopAndUseUser(entity.FrameUser)
2019-04-20 11:17:32.346 febs [main] INFO  o.s.w.s.m.m.a.RequestMappingHandlerMapping - Mapped "{[/frame/user/page],methods=[GET]}" onto public entity.PageResult com.example.admin.controller.UserController.findUserList(java.lang.String,java.lang.Integer,java.lang.Integer)
2019-04-20 11:17:32.347 febs [main] INFO  o.s.w.s.m.m.a.RequestMappingHandlerMapping - Mapped "{[/frame/user/logout],methods=[POST]}" onto public entity.ResponseResult com.example.admin.controller.UserController.logout(javax.servlet.http.HttpServletRequest) throws java.io.IOException
2019-04-20 11:17:32.347 febs [main] INFO  o.s.w.s.m.m.a.RequestMappingHandlerMapping - Mapped "{[/frame/user/login],methods=[POST]}" onto public entity.ResponseResult com.example.admin.controller.UserController.login(entity.FrameUser,javax.servlet.http.HttpServletRequest)
2019-04-20 11:17:32.347 febs [main] INFO  o.s.w.s.m.m.a.RequestMappingHandlerMapping - Mapped "{[/frame/user/getRoles],methods=[GET]}" onto public entity.RoleResult com.example.admin.controller.UserController.getStaffInfo(java.lang.String,javax.servlet.http.HttpServletRequest) throws java.io.IOException
2019-04-20 11:17:32.349 febs [main] INFO  o.s.w.s.m.m.a.RequestMappingHandlerMapping - Mapped "{[/error]}" onto public org.springframework.http.ResponseEntity<java.util.Map<java.lang.String, java.lang.Object>> org.springframework.boot.autoconfigure.web.servlet.error.BasicErrorController.error(javax.servlet.http.HttpServletRequest)
2019-04-20 11:17:32.349 febs [main] INFO  o.s.w.s.m.m.a.RequestMappingHandlerMapping - Mapped "{[/error],produces=[text/html]}" onto public org.springframework.web.servlet.ModelAndView org.springframework.boot.autoconfigure.web.servlet.error.BasicErrorController.errorHtml(javax.servlet.http.HttpServletRequest,javax.servlet.http.HttpServletResponse)
2019-04-20 11:17:32.395 febs [main] INFO  o.s.w.s.h.SimpleUrlHandlerMapping - Mapped URL path [/webjars/**] onto handler of type [class org.springframework.web.servlet.resource.ResourceHttpRequestHandler]
2019-04-20 11:17:32.396 febs [main] INFO  o.s.w.s.h.SimpleUrlHandlerMapping - Mapped URL path [/**] onto handler of type [class org.springframework.web.servlet.resource.ResourceHttpRequestHandler]
2019-04-20 11:17:32.413 febs [main] INFO  o.s.w.s.m.m.a.ExceptionHandlerExceptionResolver - Detected @ExceptionHandler methods in globalDefaultExceptionHandler
2019-04-20 11:17:32.928 febs [main] INFO  o.s.j.e.a.AnnotationMBeanExporter - Registering beans for JMX exposure on startup
2019-04-20 11:17:32.930 febs [main] INFO  o.s.j.e.a.AnnotationMBeanExporter - Bean with name 'statFilter' has been autodetected for JMX exposure
2019-04-20 11:17:32.930 febs [main] INFO  o.s.j.e.a.AnnotationMBeanExporter - Bean with name 'dataSource' has been autodetected for JMX exposure
2019-04-20 11:17:32.934 febs [main] INFO  o.s.j.e.a.AnnotationMBeanExporter - Located MBean 'dataSource': registering with JMX server as MBean [com.alibaba.druid.spring.boot.autoconfigure:name=dataSource,type=DruidDataSourceWrapper]
2019-04-20 11:17:32.935 febs [main] INFO  o.s.j.e.a.AnnotationMBeanExporter - Located MBean 'statFilter': registering with JMX server as MBean [com.alibaba.druid.filter.stat:name=statFilter,type=StatFilter]
2019-04-20 11:17:32.945 febs [main] INFO  o.a.coyote.http11.Http11NioProtocol - Starting ProtocolHandler ["http-nio-8080"]
2019-04-20 11:17:32.953 febs [main] INFO  o.a.tomcat.util.net.NioSelectorPool - Using a shared selector for servlet write/read
2019-04-20 11:17:32.970 febs [main] INFO  o.s.b.w.e.tomcat.TomcatWebServer - Tomcat started on port(s): 8080 (http) with context path ''
2019-04-20 11:17:32.974 febs [main] INFO  com.example.admin.FrameApplication - Started FrameApplication in 5.291 seconds (JVM running for 6.345)
2019-04-20 11:20:04.958 febs [http-nio-8080-exec-1] INFO  o.a.c.c.C.[Tomcat].[localhost].[/] - Initializing Spring FrameworkServlet 'dispatcherServlet'
2019-04-20 11:20:04.959 febs [http-nio-8080-exec-1] INFO  o.s.web.servlet.DispatcherServlet - FrameworkServlet 'dispatcherServlet': initialization started
2019-04-20 11:20:04.997 febs [http-nio-8080-exec-1] INFO  o.s.web.servlet.DispatcherServlet - FrameworkServlet 'dispatcherServlet': initialization completed in 37 ms
2019-04-20 11:20:05.016 febs [http-nio-8080-exec-1] INFO  c.e.admin.config.filter.JWTFilter - ---------------------------options请求放行---------------------------
2019-04-20 11:20:05.024 febs [http-nio-8080-exec-2] INFO  c.e.admin.config.shiro.ShiroRealm - ---------------- 执行 Shiro 凭证认证 ----------------
2019-04-20 11:20:05.024 febs [http-nio-8080-exec-2] INFO  c.e.admin.config.shiro.ShiroRealm - 获取到的ip为：127.0.0.1
2019-04-20 11:20:05.121 febs [http-nio-8080-exec-2] INFO  io.lettuce.core.EpollProvider - Starting without optional epoll library
2019-04-20 11:20:05.122 febs [http-nio-8080-exec-2] INFO  io.lettuce.core.KqueueProvider - Starting without optional kqueue library
2019-04-20 11:20:05.850 febs [http-nio-8080-exec-2] INFO  c.e.admin.config.shiro.ShiroRealm - 从redis中获取值为：null
2019-04-20 11:20:05.850 febs [http-nio-8080-exec-2] INFO  c.e.admin.config.shiro.ShiroRealm - 从redis中获取值为：null
2019-04-20 11:20:10.159 febs [http-nio-8080-exec-3] INFO  c.e.admin.config.filter.JWTFilter - ---------------------------options请求放行---------------------------
2019-04-20 11:20:10.255 febs [http-nio-8080-exec-5] INFO  c.e.admin.controller.UserController - 登录用户名为：admin
2019-04-20 11:20:10.255 febs [http-nio-8080-exec-5] INFO  c.e.admin.controller.UserController - 登录密码：123456
2019-04-20 11:20:10.496 febs [http-nio-8080-exec-5] INFO  c.e.admin.controller.UserController - 登录的ip为：127.0.0.1
2019-04-20 11:20:10.499 febs [http-nio-8080-exec-5] INFO  c.e.admin.controller.BaseController - 存入redis键为frame.tokeneyJ0eXAiOiJKV1QiLCJhbGciOiJIUzI1NiJ9.eyJpZCI6MiwiZXhwIjoxNTU1NzMwNzEwLCJ1c2VybmFtZSI6ImFkbWluIn0.R9r--ir-fqxS5Weru-Sj5HvW3gLDIUs3m-fKqWIn_Wg.127.0.0.1
2019-04-20 11:20:10.499 febs [http-nio-8080-exec-5] INFO  c.e.admin.controller.BaseController - 存入redis值为eyJ0eXAiOiJKV1QiLCJhbGciOiJIUzI1NiJ9.eyJpZCI6MiwiZXhwIjoxNTU1NzMwNzEwLCJ1c2VybmFtZSI6ImFkbWluIn0.R9r--ir-fqxS5Weru-Sj5HvW3gLDIUs3m-fKqWIn_Wg
2019-04-20 11:20:10.502 febs [http-nio-8080-exec-5] INFO  c.e.admin.controller.BaseController - 存入redis键为frame.user.activeeyJ0eXAiOiJKV1QiLCJhbGciOiJIUzI1NiJ9.eyJpZCI6MiwiZXhwIjoxNTU1NzMwNzEwLCJ1c2VybmFtZSI6ImFkbWluIn0.R9r--ir-fqxS5Weru-Sj5HvW3gLDIUs3m-fKqWIn_Wg.127.0.0.1
2019-04-20 11:20:10.502 febs [http-nio-8080-exec-5] INFO  c.e.admin.controller.BaseController - 存入redis值为{"ip":"127.0.0.1","username":"admin","loginTime":"2019-04-20 11:20:10","token":"eyJ0eXAiOiJKV1QiLCJhbGciOiJIUzI1NiJ9.eyJpZCI6MiwiZXhwIjoxNTU1NzMwNzEwLCJ1c2VybmFtZSI6ImFkbWluIn0.R9r--ir-fqxS5Weru-Sj5HvW3gLDIUs3m-fKqWIn_Wg","id":2,"password":"8105a54d05ef3cb2a51edbfc4c2e9104","avatar":"static/avatar/2dd7a2d09fa94bf8b5c52e5318868b4d9.jpg"}
2019-04-20 11:20:10.555 febs [http-nio-8080-exec-6] INFO  c.e.admin.config.filter.JWTFilter - ---------------------------options请求放行---------------------------
2019-04-20 11:20:10.564 febs [http-nio-8080-exec-4] INFO  c.e.admin.config.shiro.ShiroRealm - ---------------- 执行 Shiro 凭证认证 ----------------
2019-04-20 11:20:10.565 febs [http-nio-8080-exec-4] INFO  c.e.admin.config.shiro.ShiroRealm - 获取到的ip为：127.0.0.1
2019-04-20 11:20:10.567 febs [http-nio-8080-exec-4] INFO  c.e.admin.config.shiro.ShiroRealm - 从redis中获取值为：eyJ0eXAiOiJKV1QiLCJhbGciOiJIUzI1NiJ9.eyJpZCI6MiwiZXhwIjoxNTU1NzMwNzEwLCJ1c2VybmFtZSI6ImFkbWluIn0.R9r--ir-fqxS5Weru-Sj5HvW3gLDIUs3m-fKqWIn_Wg
2019-04-20 11:20:10.569 febs [http-nio-8080-exec-4] INFO  c.e.admin.config.shiro.ShiroRealm - 从redis中获取值为：{"ip":"127.0.0.1","username":"admin","loginTime":"2019-04-20 11:20:10","token":"eyJ0eXAiOiJKV1QiLCJhbGciOiJIUzI1NiJ9.eyJpZCI6MiwiZXhwIjoxNTU1NzMwNzEwLCJ1c2VybmFtZSI6ImFkbWluIn0.R9r--ir-fqxS5Weru-Sj5HvW3gLDIUs3m-fKqWIn_Wg","id":2,"password":"8105a54d05ef3cb2a51edbfc4c2e9104","avatar":"static/avatar/2dd7a2d09fa94bf8b5c52e5318868b4d9.jpg"}
2019-04-20 11:20:10.603 febs [http-nio-8080-exec-4] INFO  utils.JWTUtil - token is valid
2019-04-20 11:20:10.607 febs [http-nio-8080-exec-4] INFO  c.e.admin.config.shiro.ShiroRealm - ---------------- Shiro 凭证认证成功 ----------------
2019-04-20 11:20:10.613 febs [http-nio-8080-exec-4] INFO  c.e.admin.controller.UserController - 获取的解密后的id为：2
2019-04-20 11:20:10.614 febs [http-nio-8080-exec-4] INFO  c.e.admin.controller.BaseController - 从redis中获取值为：{"ip":"127.0.0.1","username":"admin","loginTime":"2019-04-20 11:20:10","token":"eyJ0eXAiOiJKV1QiLCJhbGciOiJIUzI1NiJ9.eyJpZCI6MiwiZXhwIjoxNTU1NzMwNzEwLCJ1c2VybmFtZSI6ImFkbWluIn0.R9r--ir-fqxS5Weru-Sj5HvW3gLDIUs3m-fKqWIn_Wg","id":2,"password":"8105a54d05ef3cb2a51edbfc4c2e9104","avatar":"static/avatar/2dd7a2d09fa94bf8b5c52e5318868b4d9.jpg"}
2019-04-20 11:47:29.883 febs [http-nio-8080-exec-7] INFO  c.e.admin.config.filter.JWTFilter - ---------------------------options请求放行---------------------------
2019-04-20 11:47:29.885 febs [http-nio-8080-exec-9] INFO  c.e.admin.config.filter.JWTFilter - ---------------------------options请求放行---------------------------
2019-04-20 11:47:29.911 febs [http-nio-8080-exec-10] INFO  c.e.admin.config.shiro.ShiroRealm - ---------------- 执行 Shiro 凭证认证 ----------------
2019-04-20 11:47:29.912 febs [http-nio-8080-exec-10] INFO  c.e.admin.config.shiro.ShiroRealm - 获取到的ip为：127.0.0.1
2019-04-20 11:47:29.918 febs [http-nio-8080-exec-10] INFO  c.e.admin.config.shiro.ShiroRealm - 从redis中获取值为：null
2019-04-20 11:47:29.918 febs [http-nio-8080-exec-11] INFO  c.e.admin.config.shiro.ShiroRealm - ---------------- 执行 Shiro 凭证认证 ----------------
2019-04-20 11:47:29.918 febs [http-nio-8080-exec-11] INFO  c.e.admin.config.shiro.ShiroRealm - 获取到的ip为：127.0.0.1
2019-04-20 11:47:29.927 febs [http-nio-8080-exec-11] INFO  c.e.admin.config.shiro.ShiroRealm - 从redis中获取值为：null
2019-04-20 11:47:29.927 febs [http-nio-8080-exec-10] INFO  c.e.admin.config.shiro.ShiroRealm - 从redis中获取值为：null
2019-04-20 11:47:29.928 febs [http-nio-8080-exec-11] INFO  c.e.admin.config.shiro.ShiroRealm - 从redis中获取值为：null
2019-04-20 11:47:32.581 febs [http-nio-8080-exec-12] INFO  c.e.admin.config.filter.JWTFilter - ---------------------------options请求放行---------------------------
2019-04-20 11:47:32.591 febs [http-nio-8080-exec-13] INFO  c.e.admin.controller.UserController - 登录用户名为：admin
2019-04-20 11:47:32.591 febs [http-nio-8080-exec-13] INFO  c.e.admin.controller.UserController - 登录密码：123456
2019-04-20 11:47:32.600 febs [http-nio-8080-exec-13] INFO  c.e.admin.controller.UserController - 登录的ip为：127.0.0.1
2019-04-20 11:47:32.601 febs [http-nio-8080-exec-13] INFO  c.e.admin.controller.BaseController - 存入redis键为frame.tokeneyJ0eXAiOiJKV1QiLCJhbGciOiJIUzI1NiJ9.eyJpZCI6MiwiZXhwIjoxNTU1NzMyMzUyLCJ1c2VybmFtZSI6ImFkbWluIn0.RTERzjeljrWHZZcnKz0l5qSBSKBMOp3n-upMyCDC3pQ.127.0.0.1
2019-04-20 11:47:32.601 febs [http-nio-8080-exec-13] INFO  c.e.admin.controller.BaseController - 存入redis值为eyJ0eXAiOiJKV1QiLCJhbGciOiJIUzI1NiJ9.eyJpZCI6MiwiZXhwIjoxNTU1NzMyMzUyLCJ1c2VybmFtZSI6ImFkbWluIn0.RTERzjeljrWHZZcnKz0l5qSBSKBMOp3n-upMyCDC3pQ
2019-04-20 11:47:32.603 febs [http-nio-8080-exec-13] INFO  c.e.admin.controller.BaseController - 存入redis键为frame.user.activeeyJ0eXAiOiJKV1QiLCJhbGciOiJIUzI1NiJ9.eyJpZCI6MiwiZXhwIjoxNTU1NzMyMzUyLCJ1c2VybmFtZSI6ImFkbWluIn0.RTERzjeljrWHZZcnKz0l5qSBSKBMOp3n-upMyCDC3pQ.127.0.0.1
2019-04-20 11:47:32.604 febs [http-nio-8080-exec-13] INFO  c.e.admin.controller.BaseController - 存入redis值为{"ip":"127.0.0.1","username":"admin","loginTime":"2019-04-20 11:47:32","token":"eyJ0eXAiOiJKV1QiLCJhbGciOiJIUzI1NiJ9.eyJpZCI6MiwiZXhwIjoxNTU1NzMyMzUyLCJ1c2VybmFtZSI6ImFkbWluIn0.RTERzjeljrWHZZcnKz0l5qSBSKBMOp3n-upMyCDC3pQ","id":2,"password":"8105a54d05ef3cb2a51edbfc4c2e9104","avatar":"static/avatar/2dd7a2d09fa94bf8b5c52e5318868b4d9.jpg"}
2019-04-20 11:47:32.634 febs [http-nio-8080-exec-14] INFO  c.e.admin.config.filter.JWTFilter - ---------------------------options请求放行---------------------------
2019-04-20 11:47:32.641 febs [http-nio-8080-exec-15] INFO  c.e.admin.config.shiro.ShiroRealm - ---------------- 执行 Shiro 凭证认证 ----------------
2019-04-20 11:47:32.642 febs [http-nio-8080-exec-15] INFO  c.e.admin.config.shiro.ShiroRealm - 获取到的ip为：127.0.0.1
2019-04-20 11:47:32.643 febs [http-nio-8080-exec-15] INFO  c.e.admin.config.shiro.ShiroRealm - 从redis中获取值为：eyJ0eXAiOiJKV1QiLCJhbGciOiJIUzI1NiJ9.eyJpZCI6MiwiZXhwIjoxNTU1NzMyMzUyLCJ1c2VybmFtZSI6ImFkbWluIn0.RTERzjeljrWHZZcnKz0l5qSBSKBMOp3n-upMyCDC3pQ
2019-04-20 11:47:32.646 febs [http-nio-8080-exec-15] INFO  c.e.admin.config.shiro.ShiroRealm - 从redis中获取值为：{"ip":"127.0.0.1","username":"admin","loginTime":"2019-04-20 11:47:32","token":"eyJ0eXAiOiJKV1QiLCJhbGciOiJIUzI1NiJ9.eyJpZCI6MiwiZXhwIjoxNTU1NzMyMzUyLCJ1c2VybmFtZSI6ImFkbWluIn0.RTERzjeljrWHZZcnKz0l5qSBSKBMOp3n-upMyCDC3pQ","id":2,"password":"8105a54d05ef3cb2a51edbfc4c2e9104","avatar":"static/avatar/2dd7a2d09fa94bf8b5c52e5318868b4d9.jpg"}
2019-04-20 11:47:32.648 febs [http-nio-8080-exec-15] INFO  utils.JWTUtil - token is valid
2019-04-20 11:47:32.649 febs [http-nio-8080-exec-15] INFO  c.e.admin.config.shiro.ShiroRealm - ---------------- Shiro 凭证认证成功 ----------------
2019-04-20 11:47:32.655 febs [http-nio-8080-exec-15] INFO  c.e.admin.controller.UserController - 获取的解密后的id为：2
2019-04-20 11:47:32.718 febs [http-nio-8080-exec-15] INFO  c.e.admin.controller.BaseController - 从redis中获取值为：{"ip":"127.0.0.1","username":"admin","loginTime":"2019-04-20 11:47:32","token":"eyJ0eXAiOiJKV1QiLCJhbGciOiJIUzI1NiJ9.eyJpZCI6MiwiZXhwIjoxNTU1NzMyMzUyLCJ1c2VybmFtZSI6ImFkbWluIn0.RTERzjeljrWHZZcnKz0l5qSBSKBMOp3n-upMyCDC3pQ","id":2,"password":"8105a54d05ef3cb2a51edbfc4c2e9104","avatar":"static/avatar/2dd7a2d09fa94bf8b5c52e5318868b4d9.jpg"}
2019-04-20 11:47:32.890 febs [http-nio-8080-exec-17] INFO  c.e.admin.config.shiro.ShiroRealm - ---------------- 执行 Shiro 凭证认证 ----------------
2019-04-20 11:47:32.891 febs [http-nio-8080-exec-17] INFO  c.e.admin.config.shiro.ShiroRealm - 获取到的ip为：127.0.0.1
2019-04-20 11:47:32.890 febs [http-nio-8080-exec-16] INFO  c.e.admin.config.shiro.ShiroRealm - ---------------- 执行 Shiro 凭证认证 ----------------
2019-04-20 11:47:32.891 febs [http-nio-8080-exec-16] INFO  c.e.admin.config.shiro.ShiroRealm - 获取到的ip为：127.0.0.1
2019-04-20 11:47:32.892 febs [http-nio-8080-exec-16] INFO  c.e.admin.config.shiro.ShiroRealm - 从redis中获取值为：eyJ0eXAiOiJKV1QiLCJhbGciOiJIUzI1NiJ9.eyJpZCI6MiwiZXhwIjoxNTU1NzMyMzUyLCJ1c2VybmFtZSI6ImFkbWluIn0.RTERzjeljrWHZZcnKz0l5qSBSKBMOp3n-upMyCDC3pQ
2019-04-20 11:47:32.893 febs [http-nio-8080-exec-17] INFO  c.e.admin.config.shiro.ShiroRealm - 从redis中获取值为：eyJ0eXAiOiJKV1QiLCJhbGciOiJIUzI1NiJ9.eyJpZCI6MiwiZXhwIjoxNTU1NzMyMzUyLCJ1c2VybmFtZSI6ImFkbWluIn0.RTERzjeljrWHZZcnKz0l5qSBSKBMOp3n-upMyCDC3pQ
2019-04-20 11:47:32.894 febs [http-nio-8080-exec-16] INFO  c.e.admin.config.shiro.ShiroRealm - 从redis中获取值为：{"ip":"127.0.0.1","username":"admin","loginTime":"2019-04-20 11:47:32","token":"eyJ0eXAiOiJKV1QiLCJhbGciOiJIUzI1NiJ9.eyJpZCI6MiwiZXhwIjoxNTU1NzMyMzUyLCJ1c2VybmFtZSI6ImFkbWluIn0.RTERzjeljrWHZZcnKz0l5qSBSKBMOp3n-upMyCDC3pQ","id":2,"password":"8105a54d05ef3cb2a51edbfc4c2e9104","avatar":"static/avatar/2dd7a2d09fa94bf8b5c52e5318868b4d9.jpg"}
2019-04-20 11:47:32.894 febs [http-nio-8080-exec-17] INFO  c.e.admin.config.shiro.ShiroRealm - 从redis中获取值为：{"ip":"127.0.0.1","username":"admin","loginTime":"2019-04-20 11:47:32","token":"eyJ0eXAiOiJKV1QiLCJhbGciOiJIUzI1NiJ9.eyJpZCI6MiwiZXhwIjoxNTU1NzMyMzUyLCJ1c2VybmFtZSI6ImFkbWluIn0.RTERzjeljrWHZZcnKz0l5qSBSKBMOp3n-upMyCDC3pQ","id":2,"password":"8105a54d05ef3cb2a51edbfc4c2e9104","avatar":"static/avatar/2dd7a2d09fa94bf8b5c52e5318868b4d9.jpg"}
2019-04-20 11:47:32.895 febs [http-nio-8080-exec-16] INFO  utils.JWTUtil - token is valid
2019-04-20 11:47:32.895 febs [http-nio-8080-exec-17] INFO  utils.JWTUtil - token is valid
2019-04-20 11:47:32.896 febs [http-nio-8080-exec-16] INFO  c.e.admin.config.shiro.ShiroRealm - ---------------- Shiro 凭证认证成功 ----------------
2019-04-20 11:47:32.896 febs [http-nio-8080-exec-17] INFO  c.e.admin.config.shiro.ShiroRealm - ---------------- Shiro 凭证认证成功 ----------------
2019-04-20 11:47:32.911 febs [http-nio-8080-exec-17] INFO  c.e.admin.controller.UserController - 当前页为：1
2019-04-20 11:47:32.911 febs [http-nio-8080-exec-17] INFO  c.e.admin.controller.UserController - 每页显示记录数：10
2019-04-20 11:47:32.911 febs [http-nio-8080-exec-17] INFO  c.e.admin.controller.UserController - 搜索名为：
2019-04-20 11:48:17.131 febs [http-nio-8080-exec-18] INFO  c.e.admin.config.filter.JWTFilter - ---------------------------options请求放行---------------------------
2019-04-20 11:48:17.140 febs [http-nio-8080-exec-19] INFO  c.e.admin.config.shiro.ShiroRealm - ---------------- 执行 Shiro 凭证认证 ----------------
2019-04-20 11:48:17.141 febs [http-nio-8080-exec-19] INFO  c.e.admin.config.shiro.ShiroRealm - 获取到的ip为：127.0.0.1
2019-04-20 11:48:17.142 febs [http-nio-8080-exec-19] INFO  c.e.admin.config.shiro.ShiroRealm - 从redis中获取值为：eyJ0eXAiOiJKV1QiLCJhbGciOiJIUzI1NiJ9.eyJpZCI6MiwiZXhwIjoxNTU1NzMyMzUyLCJ1c2VybmFtZSI6ImFkbWluIn0.RTERzjeljrWHZZcnKz0l5qSBSKBMOp3n-upMyCDC3pQ
2019-04-20 11:48:17.145 febs [http-nio-8080-exec-19] INFO  c.e.admin.config.shiro.ShiroRealm - 从redis中获取值为：{"ip":"127.0.0.1","username":"admin","loginTime":"2019-04-20 11:47:32","token":"eyJ0eXAiOiJKV1QiLCJhbGciOiJIUzI1NiJ9.eyJpZCI6MiwiZXhwIjoxNTU1NzMyMzUyLCJ1c2VybmFtZSI6ImFkbWluIn0.RTERzjeljrWHZZcnKz0l5qSBSKBMOp3n-upMyCDC3pQ","id":2,"password":"8105a54d05ef3cb2a51edbfc4c2e9104","avatar":"static/avatar/2dd7a2d09fa94bf8b5c52e5318868b4d9.jpg"}
2019-04-20 11:48:17.148 febs [http-nio-8080-exec-19] INFO  utils.JWTUtil - token is valid
2019-04-20 11:48:17.148 febs [http-nio-8080-exec-19] INFO  c.e.admin.config.shiro.ShiroRealm - ---------------- Shiro 凭证认证成功 ----------------
2019-04-20 11:48:17.150 febs [http-nio-8080-exec-19] INFO  c.e.admin.controller.LogController - 当前页为：1
2019-04-20 11:48:17.150 febs [http-nio-8080-exec-19] INFO  c.e.admin.controller.LogController - 每页显示记录数：10
2019-04-20 11:48:17.150 febs [http-nio-8080-exec-19] INFO  c.e.admin.controller.LogController - 搜索名为：
